This file contains any messages produced by compilers while
running configure, to aid debugging if configure makes a mistake.

It was created by RtAudio configure 5.2.0, which was
generated by GNU Autoconf 2.71.  Invocation command line was

  $ ./configure --with-alsa --with-pulse

## --------- ##
## Platform. ##
## --------- ##

hostname = raspberrypi
uname -m = armv7l
uname -r = 5.10.103-v7+
uname -s = Linux
uname -v = #1529 SMP Tue Mar 8 12:21:37 GMT 2022

/usr/bin/uname -p = unknown
/bin/uname -X     = unknown

/bin/arch              = unknown
/usr/bin/arch -k       = unknown
/usr/convex/getsysinfo = unknown
/usr/bin/hostinfo      = unknown
/bin/machine           = unknown
/usr/bin/oslevel       = unknown
/bin/universe          = unknown

PATH: /home/pi/.vscode-server/bin/6d9b74a70ca9c7733b29f0456fd8195364076dda/bin/remote-cli/
PATH: /home/pi/.local/bin/
PATH: /usr/local/sbin/
PATH: /usr/local/bin/
PATH: /usr/sbin/
PATH: /usr/bin/
PATH: /sbin/
PATH: /bin/
PATH: /usr/local/games/
PATH: /usr/games/


## ----------- ##
## Core tests. ##
## ----------- ##

configure:2794: looking for aux files: config.guess config.sub ltmain.sh compile ar-lib missing install-sh
configure:2807:  trying ./config/
configure:2836:   ./config/config.guess found
configure:2836:   ./config/config.sub found
configure:2836:   ./config/ltmain.sh found
configure:2836:   ./config/compile found
configure:2836:   ./config/ar-lib found
configure:2836:   ./config/missing found
configure:2818:   ./config/install-sh found
configure:2969: checking for a BSD-compatible install
configure:3042: result: /usr/bin/install -c
configure:3053: checking whether build environment is sane
configure:3108: result: yes
configure:3265: checking for a race-free mkdir -p
configure:3309: result: /bin/mkdir -p
configure:3316: checking for gawk
configure:3351: result: no
configure:3316: checking for mawk
configure:3337: found /usr/bin/mawk
configure:3348: result: mawk
configure:3359: checking whether make sets $(MAKE)
configure:3382: result: yes
configure:3412: checking whether make supports nested variables
configure:3430: result: yes
configure:3679: checking whether make supports the include directive
configure:3694: make -f confmf.GNU && cat confinc.out
this is the am__doit target
configure:3697: $? = 0
configure:3716: result: yes (GNU style)
configure:3802: checking for g++
configure:3823: found /usr/bin/g++
configure:3834: result: g++
configure:3861: checking for C++ compiler version
configure:3870: g++ --version >&5
g++ (Raspbian 8.3.0-6+rpi1) 8.3.0
Copyright (C) 2018 Free Software Foundation, Inc.
This is free software; see the source for copying conditions.  There is NO
warranty; not even for MERCHANTABILITY or FITNESS FOR A PARTICULAR PURPOSE.

configure:3881: $? = 0
configure:3870: g++ -v >&5
Using built-in specs.
COLLECT_GCC=g++
COLLECT_LTO_WRAPPER=/usr/lib/gcc/arm-linux-gnueabihf/8/lto-wrapper
Target: arm-linux-gnueabihf
Configured with: ../src/configure -v --with-pkgversion='Raspbian 8.3.0-6+rpi1' --with-bugurl=file:///usr/share/doc/gcc-8/README.Bugs --enable-languages=c,ada,c++,go,d,fortran,objc,obj-c++ --prefix=/usr --with-gcc-major-version-only --program-suffix=-8 --program-prefix=arm-linux-gnueabihf- --enable-shared --enable-linker-build-id --libexecdir=/usr/lib --without-included-gettext --enable-threads=posix --libdir=/usr/lib --enable-nls --enable-bootstrap --enable-clocale=gnu --enable-libstdcxx-debug --enable-libstdcxx-time=yes --with-default-libstdcxx-abi=new --enable-gnu-unique-object --disable-libitm --disable-libquadmath --disable-libquadmath-support --enable-plugin --with-system-zlib --with-target-system-zlib --enable-objc-gc=auto --enable-multiarch --disable-sjlj-exceptions --with-arch=armv6 --with-fpu=vfp --with-float=hard --disable-werror --enable-checking=release --build=arm-linux-gnueabihf --host=arm-linux-gnueabihf --target=arm-linux-gnueabihf
Thread model: posix
gcc version 8.3.0 (Raspbian 8.3.0-6+rpi1) 
configure:3881: $? = 0
configure:3870: g++ -V >&5
g++: error: unrecognized command line option '-V'
g++: fatal error: no input files
compilation terminated.
configure:3881: $? = 1
configure:3870: g++ -qversion >&5
g++: error: unrecognized command line option '-qversion'; did you mean '--version'?
g++: fatal error: no input files
compilation terminated.
configure:3881: $? = 1
configure:3901: checking whether the C++ compiler works
configure:3923: g++    conftest.cpp  >&5
configure:3927: $? = 0
configure:3977: result: yes
configure:3980: checking for C++ compiler default output file name
configure:3982: result: a.out
configure:3988: checking for suffix of executables
configure:3995: g++ -o conftest    conftest.cpp  >&5
configure:3999: $? = 0
configure:4022: result: 
configure:4044: checking whether we are cross compiling
configure:4052: g++ -o conftest    conftest.cpp  >&5
configure:4056: $? = 0
configure:4063: ./conftest
configure:4067: $? = 0
configure:4055: result: no
configure:4060: checking for suffix of object files
configure:4083: g++ -c   conftest.cpp >&5
configure:4087: $? = 0
configure:4109: result: o
configure:4113: checking whether the compiler supports GNU C++
configure:4133: g++ -c   conftest.cpp >&5
configure:4133: $? = 0
configure:4143: result: yes
configure:4154: checking whether g++ accepts -g
configure:4175: g++ -c -g  conftest.cpp >&5
configure:4175: $? = 0
configure:4219: result: yes
configure:4239: checking for g++ option to enable C++11 features
configure:4254: g++  -c -g -O2  conftest.cpp >&5
configure:4254: $? = 0
configure:4272: result: none needed
configure:4338: checking dependency style of g++
configure:4450: result: gcc3
configure:4480: checking whether g++ supports C++11 features with -std=c++11
configure:4779: g++ -std=c++11 -c -g -O2  conftest.cpp >&5
configure:4779: $? = 0
configure:4789: result: yes
configure:4894: checking that version numbers are coherent
configure:4909: result: yes
configure:4915: checking whether to enable maintainer-specific portions of Makefiles
configure:4925: result: no
configure:4950: checking whether make supports nested variables
configure:4968: result: yes
configure:5119: checking for C++ compiler version
configure:5128: g++ -std=c++11 --version >&5
g++ (Raspbian 8.3.0-6+rpi1) 8.3.0
Copyright (C) 2018 Free Software Foundation, Inc.
This is free software; see the source for copying conditions.  There is NO
warranty; not even for MERCHANTABILITY or FITNESS FOR A PARTICULAR PURPOSE.

configure:5139: $? = 0
configure:5128: g++ -std=c++11 -v >&5
Using built-in specs.
COLLECT_GCC=g++
COLLECT_LTO_WRAPPER=/usr/lib/gcc/arm-linux-gnueabihf/8/lto-wrapper
Target: arm-linux-gnueabihf
Configured with: ../src/configure -v --with-pkgversion='Raspbian 8.3.0-6+rpi1' --with-bugurl=file:///usr/share/doc/gcc-8/README.Bugs --enable-languages=c,ada,c++,go,d,fortran,objc,obj-c++ --prefix=/usr --with-gcc-major-version-only --program-suffix=-8 --program-prefix=arm-linux-gnueabihf- --enable-shared --enable-linker-build-id --libexecdir=/usr/lib --without-included-gettext --enable-threads=posix --libdir=/usr/lib --enable-nls --enable-bootstrap --enable-clocale=gnu --enable-libstdcxx-debug --enable-libstdcxx-time=yes --with-default-libstdcxx-abi=new --enable-gnu-unique-object --disable-libitm --disable-libquadmath --disable-libquadmath-support --enable-plugin --with-system-zlib --with-target-system-zlib --enable-objc-gc=auto --enable-multiarch --disable-sjlj-exceptions --with-arch=armv6 --with-fpu=vfp --with-float=hard --disable-werror --enable-checking=release --build=arm-linux-gnueabihf --host=arm-linux-gnueabihf --target=arm-linux-gnueabihf
Thread model: posix
gcc version 8.3.0 (Raspbian 8.3.0-6+rpi1) 
configure:5139: $? = 0
configure:5128: g++ -std=c++11 -V >&5
g++: error: unrecognized command line option '-V'
g++: fatal error: no input files
compilation terminated.
configure:5139: $? = 1
configure:5128: g++ -std=c++11 -qversion >&5
g++: error: unrecognized command line option '-qversion'; did you mean '--version'?
g++: fatal error: no input files
compilation terminated.
configure:5139: $? = 1
configure:5143: checking whether the compiler supports GNU C++
configure:5173: result: yes
configure:5184: checking whether g++ -std=c++11 accepts -g
configure:5249: result: yes
configure:5269: checking for g++ -std=c++11 option to enable C++11 features
configure:5302: result: none needed
configure:5368: checking dependency style of g++ -std=c++11
configure:5480: result: gcc3
configure:5557: checking for gcc
configure:5578: found /usr/bin/gcc
configure:5589: result: gcc
configure:5942: checking for C compiler version
configure:5951: gcc --version >&5
gcc (Raspbian 8.3.0-6+rpi1) 8.3.0
Copyright (C) 2018 Free Software Foundation, Inc.
This is free software; see the source for copying conditions.  There is NO
warranty; not even for MERCHANTABILITY or FITNESS FOR A PARTICULAR PURPOSE.

configure:5962: $? = 0
configure:5951: gcc -v >&5
Using built-in specs.
COLLECT_GCC=gcc
COLLECT_LTO_WRAPPER=/usr/lib/gcc/arm-linux-gnueabihf/8/lto-wrapper
Target: arm-linux-gnueabihf
Configured with: ../src/configure -v --with-pkgversion='Raspbian 8.3.0-6+rpi1' --with-bugurl=file:///usr/share/doc/gcc-8/README.Bugs --enable-languages=c,ada,c++,go,d,fortran,objc,obj-c++ --prefix=/usr --with-gcc-major-version-only --program-suffix=-8 --program-prefix=arm-linux-gnueabihf- --enable-shared --enable-linker-build-id --libexecdir=/usr/lib --without-included-gettext --enable-threads=posix --libdir=/usr/lib --enable-nls --enable-bootstrap --enable-clocale=gnu --enable-libstdcxx-debug --enable-libstdcxx-time=yes --with-default-libstdcxx-abi=new --enable-gnu-unique-object --disable-libitm --disable-libquadmath --disable-libquadmath-support --enable-plugin --with-system-zlib --with-target-system-zlib --enable-objc-gc=auto --enable-multiarch --disable-sjlj-exceptions --with-arch=armv6 --with-fpu=vfp --with-float=hard --disable-werror --enable-checking=release --build=arm-linux-gnueabihf --host=arm-linux-gnueabihf --target=arm-linux-gnueabihf
Thread model: posix
gcc version 8.3.0 (Raspbian 8.3.0-6+rpi1) 
configure:5962: $? = 0
configure:5951: gcc -V >&5
gcc: error: unrecognized command line option '-V'
gcc: fatal error: no input files
compilation terminated.
configure:5962: $? = 1
configure:5951: gcc -qversion >&5
gcc: error: unrecognized command line option '-qversion'; did you mean '--version'?
gcc: fatal error: no input files
compilation terminated.
configure:5962: $? = 1
configure:5951: gcc -version >&5
gcc: error: unrecognized command line option '-version'
gcc: fatal error: no input files
compilation terminated.
configure:5962: $? = 1
configure:5966: checking whether the compiler supports GNU C
configure:5986: gcc -c   conftest.c >&5
configure:5986: $? = 0
configure:5996: result: yes
configure:6007: checking whether gcc accepts -g
configure:6028: gcc -c -g  conftest.c >&5
configure:6028: $? = 0
configure:6072: result: yes
configure:6092: checking for gcc option to enable C11 features
configure:6107: gcc  -c -g -O2  conftest.c >&5
configure:6107: $? = 0
configure:6125: result: none needed
configure:6241: checking whether gcc understands -c and -o together
configure:6264: gcc -c conftest.c -o conftest2.o
configure:6267: $? = 0
configure:6264: gcc -c conftest.c -o conftest2.o
configure:6267: $? = 0
configure:6279: result: yes
configure:6298: checking dependency style of gcc
configure:6410: result: gcc3
configure:6481: checking for ar
configure:6502: found /usr/bin/ar
configure:6513: result: ar
configure:6539: checking the archiver (ar) interface
configure:6556: gcc -c -g -O2  conftest.c >&5
configure:6556: $? = 0
configure:6559: ar cru libconftest.a conftest.o >&5
ar: `u' modifier ignored since `D' is the default (see `U')
configure:6562: $? = 0
configure:6561: result: ar
configure:6583: checking for ar
configure:6606: found /usr/bin/ar
configure:6619: result: /usr/bin/ar
configure:6667: checking build system type
configure:6682: result: armv7l-unknown-linux-gnueabihf
configure:6702: checking host system type
configure:6716: result: armv7l-unknown-linux-gnueabihf
configure:6757: checking how to print strings
configure:6784: result: printf
configure:6805: checking for a sed that does not truncate output
configure:6875: result: /bin/sed
configure:6893: checking for grep that handles long lines and -e
configure:6957: result: /bin/grep
configure:6962: checking for egrep
configure:7030: result: /bin/grep -E
configure:7035: checking for fgrep
configure:7103: result: /bin/grep -F
configure:7139: checking for ld used by gcc
configure:7207: result: /usr/bin/ld
configure:7214: checking if the linker (/usr/bin/ld) is GNU ld
configure:7230: result: yes
configure:7242: checking for BSD- or MS-compatible name lister (nm)
configure:7297: result: /usr/bin/nm -B
configure:7437: checking the name lister (/usr/bin/nm -B) interface
configure:7445: gcc -c -g -O2  conftest.c >&5
configure:7448: /usr/bin/nm -B "conftest.o"
configure:7451: output
00000000 B some_variable
configure:7452: result: BSD nm
configure:7455: checking whether ln -s works
configure:7459: result: yes
configure:7467: checking the maximum length of command line arguments
configure:7599: result: 1572864
configure:7647: checking how to convert armv7l-unknown-linux-gnueabihf file names to armv7l-unknown-linux-gnueabihf format
configure:7688: result: func_convert_file_noop
configure:7695: checking how to convert armv7l-unknown-linux-gnueabihf file names to toolchain format
configure:7716: result: func_convert_file_noop
configure:7723: checking for /usr/bin/ld option to reload object files
configure:7731: result: -r
configure:7810: checking for objdump
configure:7831: found /usr/bin/objdump
configure:7842: result: objdump
configure:7871: checking how to recognize dependent libraries
configure:8072: result: pass_all
configure:8162: checking for dlltool
configure:8197: result: no
configure:8224: checking how to associate runtime and link libraries
configure:8252: result: printf %s\n
configure:8386: checking for archiver @FILE support
configure:8404: gcc -c -g -O2  conftest.c >&5
configure:8404: $? = 0
configure:8408: /usr/bin/ar cru libconftest.a @conftest.lst >&5
/usr/bin/ar: `u' modifier ignored since `D' is the default (see `U')
configure:8411: $? = 0
configure:8416: /usr/bin/ar cru libconftest.a @conftest.lst >&5
/usr/bin/ar: `u' modifier ignored since `D' is the default (see `U')
/usr/bin/ar: conftest.o: No such file or directory
configure:8419: $? = 1
configure:8418: result: @
configure:8481: checking for strip
configure:8502: found /usr/bin/strip
configure:8513: result: strip
configure:8590: checking for ranlib
configure:8611: found /usr/bin/ranlib
configure:8622: result: ranlib
configure:8724: checking command to parse /usr/bin/nm -B output from gcc object
configure:8878: gcc -c -g -O2  conftest.c >&5
configure:8881: $? = 0
configure:8885: /usr/bin/nm -B conftest.o \| sed -n -e 's/^.*[ ]\([ABCDGIRSTW][ABCDGIRSTW]*\)[ ][ ]*\([_A-Za-z][_A-Za-z0-9]*\)$/\1 \2 \2/p' | sed '/ __gnu_lto/d' \> conftest.nm
configure:8888: $? = 0
configure:8954: gcc -o conftest -g -O2   conftest.c conftstm.o >&5
configure:8957: $? = 0
configure:8995: result: ok
configure:9042: checking for sysroot
configure:9073: result: no
configure:9080: checking for a working dd
configure:9124: result: /bin/dd
configure:9128: checking how to truncate binary pipes
configure:9144: result: /bin/dd bs=4096 count=1
configure:9481: checking for mt
configure:9502: found /bin/mt
configure:9513: result: mt
configure:9536: checking if mt is a manifest tool
configure:9543: mt '-?'
configure:9551: result: no
configure:10276: checking for stdio.h
configure:10276: gcc -c -g -O2  conftest.c >&5
configure:10276: $? = 0
configure:10276: result: yes
configure:10276: checking for stdlib.h
configure:10276: gcc -c -g -O2  conftest.c >&5
configure:10276: $? = 0
configure:10276: result: yes
configure:10276: checking for string.h
configure:10276: gcc -c -g -O2  conftest.c >&5
configure:10276: $? = 0
configure:10276: result: yes
configure:10276: checking for inttypes.h
configure:10276: gcc -c -g -O2  conftest.c >&5
configure:10276: $? = 0
configure:10276: result: yes
configure:10276: checking for stdint.h
configure:10276: gcc -c -g -O2  conftest.c >&5
configure:10276: $? = 0
configure:10276: result: yes
configure:10276: checking for strings.h
configure:10276: gcc -c -g -O2  conftest.c >&5
configure:10276: $? = 0
configure:10276: result: yes
configure:10276: checking for sys/stat.h
configure:10276: gcc -c -g -O2  conftest.c >&5
configure:10276: $? = 0
configure:10276: result: yes
configure:10276: checking for sys/types.h
configure:10276: gcc -c -g -O2  conftest.c >&5
configure:10276: $? = 0
configure:10276: result: yes
configure:10276: checking for unistd.h
configure:10276: gcc -c -g -O2  conftest.c >&5
configure:10276: $? = 0
configure:10276: result: yes
configure:10301: checking for dlfcn.h
configure:10301: gcc -c -g -O2  conftest.c >&5
configure:10301: $? = 0
configure:10301: result: yes
configure:10898: checking for objdir
configure:10914: result: .libs
configure:11178: checking if gcc supports -fno-rtti -fno-exceptions
configure:11197: gcc -c -g -O2  -fno-rtti -fno-exceptions conftest.c >&5
cc1: warning: command line option '-fno-rtti' is valid for C++/ObjC++ but not for C
configure:11201: $? = 0
configure:11214: result: no
configure:11572: checking for gcc option to produce PIC
configure:11580: result: -fPIC -DPIC
configure:11588: checking if gcc PIC flag -fPIC -DPIC works
configure:11607: gcc -c -g -O2  -fPIC -DPIC -DPIC conftest.c >&5
configure:11611: $? = 0
configure:11624: result: yes
configure:11653: checking if gcc static flag -static works
configure:11682: result: yes
configure:11697: checking if gcc supports -c -o file.o
configure:11719: gcc -c -g -O2  -o out/conftest2.o conftest.c >&5
configure:11723: $? = 0
configure:11745: result: yes
configure:11753: checking if gcc supports -c -o file.o
configure:11801: result: yes
configure:11834: checking whether the gcc linker (/usr/bin/ld) supports shared libraries
configure:13100: result: yes
configure:13137: checking whether -lc should be explicitly linked in
configure:13146: gcc -c -g -O2  conftest.c >&5
configure:13149: $? = 0
configure:13164: gcc -shared  -fPIC -DPIC conftest.o  -v -Wl,-soname -Wl,conftest -o conftest 2\>\&1 \| /bin/grep  -lc  \>/dev/null 2\>\&1
configure:13167: $? = 0
configure:13181: result: no
configure:13341: checking dynamic linker characteristics
configure:13923: gcc -o conftest -g -O2   -Wl,-rpath -Wl,/foo conftest.c  >&5
configure:13923: $? = 0
configure:14162: result: GNU/Linux ld.so
configure:14284: checking how to hardcode library paths into programs
configure:14309: result: immediate
configure:14861: checking whether stripping libraries is possible
configure:14866: result: yes
configure:14901: checking if libtool supports shared libraries
configure:14903: result: yes
configure:14906: checking whether to build shared libraries
configure:14931: result: yes
configure:14934: checking whether to build static libraries
configure:14938: result: yes
configure:11737: checking how to run the C++ preprocessor
configure:11759: g++ -std=c++11 -E  conftest.cpp
configure:11759: $? = 0
configure:11774: g++ -std=c++11 -E  conftest.cpp
conftest.cpp:24:10: fatal error: ac_nonexistent.h: No such file or directory
 #include <ac_nonexistent.h>
          ^~~~~~~~~~~~~~~~~~
compilation terminated.
configure:11774: $? = 1
configure: failed program was:
| /* confdefs.h */
| #define PACKAGE_NAME "RtAudio"
| #define PACKAGE_TARNAME "rtaudio"
| #define PACKAGE_VERSION "5.2.0"
| #define PACKAGE_STRING "RtAudio 5.2.0"
| #define PACKAGE_BUGREPORT "gary.scavone@mcgill.ca"
| #define PACKAGE_URL ""
| #define PACKAGE "rtaudio"
| #define VERSION "5.2.0"
| #define HAVE_CXX11 1
| #define HAVE_STDIO_H 1
| #define HAVE_STDLIB_H 1
| #define HAVE_STRING_H 1
| #define HAVE_INTTYPES_H 1
| #define HAVE_STDINT_H 1
| #define HAVE_STRINGS_H 1
| #define HAVE_SYS_STAT_H 1
| #define HAVE_SYS_TYPES_H 1
| #define HAVE_UNISTD_H 1
| #define STDC_HEADERS 1
| #define HAVE_DLFCN_H 1
| #define LT_OBJDIR ".libs/"
| /* end confdefs.h.  */
| #include <ac_nonexistent.h>
configure:11801: result: g++ -std=c++11 -E
configure:11815: g++ -std=c++11 -E  conftest.cpp
configure:11815: $? = 0
configure:11830: g++ -std=c++11 -E  conftest.cpp
conftest.cpp:24:10: fatal error: ac_nonexistent.h: No such file or directory
 #include <ac_nonexistent.h>
          ^~~~~~~~~~~~~~~~~~
compilation terminated.
configure:11830: $? = 1
configure: failed program was:
| /* confdefs.h */
| #define PACKAGE_NAME "RtAudio"
| #define PACKAGE_TARNAME "rtaudio"
| #define PACKAGE_VERSION "5.2.0"
| #define PACKAGE_STRING "RtAudio 5.2.0"
| #define PACKAGE_BUGREPORT "gary.scavone@mcgill.ca"
| #define PACKAGE_URL ""
| #define PACKAGE "rtaudio"
| #define VERSION "5.2.0"
| #define HAVE_CXX11 1
| #define HAVE_STDIO_H 1
| #define HAVE_STDLIB_H 1
| #define HAVE_STRING_H 1
| #define HAVE_INTTYPES_H 1
| #define HAVE_STDINT_H 1
| #define HAVE_STRINGS_H 1
| #define HAVE_SYS_STAT_H 1
| #define HAVE_SYS_TYPES_H 1
| #define HAVE_UNISTD_H 1
| #define STDC_HEADERS 1
| #define HAVE_DLFCN_H 1
| #define LT_OBJDIR ".libs/"
| /* end confdefs.h.  */
| #include <ac_nonexistent.h>
configure:11995: checking for ld used by g++ -std=c++11
configure:12063: result: /usr/bin/ld
configure:12070: checking if the linker (/usr/bin/ld) is GNU ld
configure:12086: result: yes
configure:12141: checking whether the g++ -std=c++11 linker (/usr/bin/ld) supports shared libraries
configure:13218: result: yes
configure:13254: g++ -std=c++11 -c -g -O2  conftest.cpp >&5
configure:13257: $? = 0
configure:13738: checking for g++ -std=c++11 option to produce PIC
configure:13746: result: -fPIC -DPIC
configure:13754: checking if g++ -std=c++11 PIC flag -fPIC -DPIC works
configure:13773: g++ -std=c++11 -c -g -O2  -fPIC -DPIC -DPIC conftest.cpp >&5
configure:13777: $? = 0
configure:13790: result: yes
configure:13813: checking if g++ -std=c++11 static flag -static works
configure:13842: result: yes
configure:13854: checking if g++ -std=c++11 supports -c -o file.o
configure:13876: g++ -std=c++11 -c -g -O2  -o out/conftest2.o conftest.cpp >&5
configure:13880: $? = 0
configure:13902: result: yes
configure:13907: checking if g++ -std=c++11 supports -c -o file.o
configure:13955: result: yes
configure:13985: checking whether the g++ -std=c++11 linker (/usr/bin/ld) supports shared libraries
configure:14025: result: yes
configure:14167: checking dynamic linker characteristics
configure:14915: result: GNU/Linux ld.so
configure:14980: checking how to hardcode library paths into programs
configure:15005: result: immediate
configure:13913: checking for egrep
configure:13981: result: /bin/grep -E
configure:13987: checking for sys/ioctl.h
configure:13987: gcc -c -g -O2  conftest.c >&5
configure:13987: $? = 0
configure:13987: result: yes
configure:13993: checking for unistd.h
configure:13993: result: yes
configure:14022: checking whether to compile debug version
configure:14043: result: no
configure:14068: checking for gettimeofday
configure:14068: gcc -o conftest -g -O2   conftest.c  >&5
configure:14068: $? = 0
configure:14068: result: yes
configure:14078: checking for doxygen
configure:14113: result: no
configure:14268: checking for snd_pcm_open in -lasound
configure:14291: gcc -o conftest -g -O2   conftest.c -lasound   >&5
configure:14291: $? = 0
configure:14301: result: yes
configure:14327: checking for pa_simple_flush in -lpulse-simple
configure:14350: gcc -o conftest -g -O2   conftest.c -lpulse-simple  -lasound  >&5
configure:14350: $? = 0
configure:14360: result: yes
configure:14368: checking for pa_strerror in -lpulse
configure:14391: gcc -o conftest -g -O2   conftest.c -lpulse  -lasound  >&5
configure:14391: $? = 0
configure:14401: result: yes
configure:14423: checking for gcc options needed to detect all undeclared functions
configure:14445: gcc -c -g -O2   conftest.c >&5
conftest.c: In function 'main':
conftest.c:30:8: error: 'strchr' undeclared (first use in this function)
 (void) strchr;
        ^~~~~~
conftest.c:30:8: note: 'strchr' is defined in header '<string.h>'; did you forget to '#include <string.h>'?
conftest.c:1:1:
 /* confdefs.h */
conftest.c:30:8:
 (void) strchr;
        ^~~~~~
conftest.c:30:8: note: each undeclared identifier is reported only once for each function it appears in
configure:14445: $? = 1
configure: failed program was:
| /* confdefs.h */
| #define PACKAGE_NAME "RtAudio"
| #define PACKAGE_TARNAME "rtaudio"
| #define PACKAGE_VERSION "5.2.0"
| #define PACKAGE_STRING "RtAudio 5.2.0"
| #define PACKAGE_BUGREPORT "gary.scavone@mcgill.ca"
| #define PACKAGE_URL ""
| #define PACKAGE "rtaudio"
| #define VERSION "5.2.0"
| #define HAVE_CXX11 1
| #define HAVE_STDIO_H 1
| #define HAVE_STDLIB_H 1
| #define HAVE_STRING_H 1
| #define HAVE_INTTYPES_H 1
| #define HAVE_STDINT_H 1
| #define HAVE_STRINGS_H 1
| #define HAVE_SYS_STAT_H 1
| #define HAVE_SYS_TYPES_H 1
| #define HAVE_UNISTD_H 1
| #define STDC_HEADERS 1
| #define HAVE_DLFCN_H 1
| #define LT_OBJDIR ".libs/"
| #define HAVE_SYS_IOCTL_H 1
| #define HAVE_UNISTD_H 1
| /* end confdefs.h.  */
| 
| int
| main (void)
| {
| (void) strchr;
|   ;
|   return 0;
| }
configure:14472: gcc -c -g -O2   conftest.c >&5
configure:14472: $? = 0
configure:14489: result: none needed
configure:14801: checking for pthread
configure:14803: checking for pthread_create in -lpthread
configure:14826: gcc -o conftest -g -O2   conftest.c -lpthread  -lpulse-simple -lasound  -lpulse >&5
configure:14826: $? = 0
configure:14836: result: yes
configure:14850: checking for audio API
configure:14863: result:  ALSA PulseAudio
configure:15016: checking that generated files are newer than configure
configure:15022: result: done
configure:15065: creating ./config.status

## ---------------------- ##
## Running config.status. ##
## ---------------------- ##

This file was extended by RtAudio config.status 5.2.0, which was
generated by GNU Autoconf 2.71.  Invocation command line was

  CONFIG_FILES    = 
  CONFIG_HEADERS  = 
  CONFIG_LINKS    = 
  CONFIG_COMMANDS = 
  $ ./config.status 

on raspberrypi

config.status:1103: creating rtaudio.pc
config.status:1103: creating Makefile
config.status:1103: creating tests/Makefile
config.status:1103: creating doc/Makefile
config.status:1103: creating doc/Doxyfile
config.status:1306: executing depfiles commands
config.status:1383: cd .       && sed -e '/# am--include-marker/d' Makefile         | make -f - am--depfiles
config.status:1388: $? = 0
config.status:1383: cd tests       && sed -e '/# am--include-marker/d' Makefile         | make -f - am--depfiles
config.status:1388: $? = 0
config.status:1306: executing libtool commands

## ---------------- ##
## Cache variables. ##
## ---------------- ##

ac_cv_build=armv7l-unknown-linux-gnueabihf
ac_cv_c_compiler_gnu=yes
ac_cv_c_undeclared_builtin_options='none needed'
ac_cv_cxx_compiler_gnu=yes
ac_cv_env_CCC_set=
ac_cv_env_CCC_value=
ac_cv_env_CC_set=
ac_cv_env_CC_value=
ac_cv_env_CFLAGS_set=
ac_cv_env_CFLAGS_value=
ac_cv_env_CPPFLAGS_set=
ac_cv_env_CPPFLAGS_value=
ac_cv_env_CXXCPP_set=
ac_cv_env_CXXCPP_value=
ac_cv_env_CXXFLAGS_set=
ac_cv_env_CXXFLAGS_value=
ac_cv_env_CXX_set=
ac_cv_env_CXX_value=
ac_cv_env_LDFLAGS_set=
ac_cv_env_LDFLAGS_value=
ac_cv_env_LIBS_set=
ac_cv_env_LIBS_value=
ac_cv_env_LT_SYS_LIBRARY_PATH_set=
ac_cv_env_LT_SYS_LIBRARY_PATH_value=
ac_cv_env_build_alias_set=
ac_cv_env_build_alias_value=
ac_cv_env_host_alias_set=
ac_cv_env_host_alias_value=
ac_cv_env_target_alias_set=
ac_cv_env_target_alias_value=
ac_cv_func_gettimeofday=yes
ac_cv_header_dlfcn_h=yes
ac_cv_header_inttypes_h=yes
ac_cv_header_stdint_h=yes
ac_cv_header_stdio_h=yes
ac_cv_header_stdlib_h=yes
ac_cv_header_string_h=yes
ac_cv_header_strings_h=yes
ac_cv_header_sys_ioctl_h=yes
ac_cv_header_sys_stat_h=yes
ac_cv_header_sys_types_h=yes
ac_cv_header_unistd_h=yes
ac_cv_host=armv7l-unknown-linux-gnueabihf
ac_cv_lib_asound_snd_pcm_open=yes
ac_cv_lib_pthread_pthread_create=yes
ac_cv_lib_pulse_pa_strerror=yes
ac_cv_lib_pulse_simple_pa_simple_flush=yes
ac_cv_objext=o
ac_cv_path_AR=/usr/bin/ar
ac_cv_path_EGREP='/bin/grep -E'
ac_cv_path_FGREP='/bin/grep -F'
ac_cv_path_GREP=/bin/grep
ac_cv_path_SED=/bin/sed
ac_cv_path_install='/usr/bin/install -c'
ac_cv_path_lt_DD=/bin/dd
ac_cv_path_mkdir=/bin/mkdir
ac_cv_prog_AWK=mawk
ac_cv_prog_CXXCPP='g++ -std=c++11 -E'
ac_cv_prog_ac_ct_AR=ar
ac_cv_prog_ac_ct_CC=gcc
ac_cv_prog_ac_ct_CXX=g++
ac_cv_prog_ac_ct_MANIFEST_TOOL=mt
ac_cv_prog_ac_ct_OBJDUMP=objdump
ac_cv_prog_ac_ct_RANLIB=ranlib
ac_cv_prog_ac_ct_STRIP=strip
ac_cv_prog_cc_c11=
ac_cv_prog_cc_g=yes
ac_cv_prog_cc_stdc=
ac_cv_prog_cxx_11=no
ac_cv_prog_cxx_cxx11=
ac_cv_prog_cxx_g=yes
ac_cv_prog_cxx_stdcxx=
ac_cv_prog_make_make_set=yes
am_cv_CC_dependencies_compiler_type=gcc3
am_cv_CXX_dependencies_compiler_type=gcc3
am_cv_ar_interface=ar
am_cv_make_support_nested_variables=yes
am_cv_prog_cc_c_o=yes
ax_cv_cxx_compile_cxx11__std_cpp11=yes
lt_cv_ar_at_file=@
lt_cv_archive_cmds_need_lc=no
lt_cv_deplibs_check_method=pass_all
lt_cv_file_magic_cmd='$MAGIC_CMD'
lt_cv_file_magic_test_file=
lt_cv_ld_reload_flag=-r
lt_cv_nm_interface='BSD nm'
lt_cv_objdir=.libs
lt_cv_path_LD=/usr/bin/ld
lt_cv_path_LDCXX=/usr/bin/ld
lt_cv_path_NM='/usr/bin/nm -B'
lt_cv_path_mainfest_tool=no
lt_cv_prog_compiler_c_o=yes
lt_cv_prog_compiler_c_o_CXX=yes
lt_cv_prog_compiler_pic='-fPIC -DPIC'
lt_cv_prog_compiler_pic_CXX='-fPIC -DPIC'
lt_cv_prog_compiler_pic_works=yes
lt_cv_prog_compiler_pic_works_CXX=yes
lt_cv_prog_compiler_rtti_exceptions=no
lt_cv_prog_compiler_static_works=yes
lt_cv_prog_compiler_static_works_CXX=yes
lt_cv_prog_gnu_ld=yes
lt_cv_prog_gnu_ldcxx=yes
lt_cv_sharedlib_from_linklib_cmd='printf %s\n'
lt_cv_shlibpath_overrides_runpath=yes
lt_cv_sys_global_symbol_pipe='sed -n -e '\''s/^.*[	 ]\([ABCDGIRSTW][ABCDGIRSTW]*\)[	 ][	 ]*\([_A-Za-z][_A-Za-z0-9]*\)$/\1 \2 \2/p'\'' | sed '\''/ __gnu_lto/d'\'''
lt_cv_sys_global_symbol_to_c_name_address='sed -n -e '\''s/^: \(.*\) .*$/  {"\1", (void *) 0},/p'\'' -e '\''s/^[ABCDGIRSTW][ABCDGIRSTW]* .* \(.*\)$/  {"\1", (void *) \&\1},/p'\'''
lt_cv_sys_global_symbol_to_c_name_address_lib_prefix='sed -n -e '\''s/^: \(.*\) .*$/  {"\1", (void *) 0},/p'\'' -e '\''s/^[ABCDGIRSTW][ABCDGIRSTW]* .* \(lib.*\)$/  {"\1", (void *) \&\1},/p'\'' -e '\''s/^[ABCDGIRSTW][ABCDGIRSTW]* .* \(.*\)$/  {"lib\1", (void *) \&\1},/p'\'''
lt_cv_sys_global_symbol_to_cdecl='sed -n -e '\''s/^T .* \(.*\)$/extern int \1();/p'\'' -e '\''s/^[ABCDGIRSTW][ABCDGIRSTW]* .* \(.*\)$/extern char \1;/p'\'''
lt_cv_sys_global_symbol_to_import=
lt_cv_sys_max_cmd_len=1572864
lt_cv_to_host_file_cmd=func_convert_file_noop
lt_cv_to_tool_file_cmd=func_convert_file_noop
lt_cv_truncate_bin='/bin/dd bs=4096 count=1'

## ----------------- ##
## Output variables. ##
## ----------------- ##

ACLOCAL='${SHELL} '\''/home/pi/project/rtaudio-5.2.0/config/missing'\'' aclocal-1.16'
AMDEPBACKSLASH='\'
AMDEP_FALSE='#'
AMDEP_TRUE=''
AMTAR='$${TAR-tar}'
AM_BACKSLASH='\'
AM_DEFAULT_V='$(AM_DEFAULT_VERBOSITY)'
AM_DEFAULT_VERBOSITY='0'
AM_V='$(V)'
AR='/usr/bin/ar'
AS='as'
ASIO_FALSE=''
ASIO_TRUE='#'
AUTOCONF='${SHELL} '\''/home/pi/project/rtaudio-5.2.0/config/missing'\'' autoconf'
AUTOHEADER='${SHELL} '\''/home/pi/project/rtaudio-5.2.0/config/missing'\'' autoheader'
AUTOMAKE='${SHELL} '\''/home/pi/project/rtaudio-5.2.0/config/missing'\'' automake-1.16'
AWK='mawk'
CC='gcc'
CCDEPMODE='depmode=gcc3'
CFLAGS='-g -O2'
CPPFLAGS='  -D__LINUX_ALSA__ -D__LINUX_PULSE__'
CSCOPE='cscope'
CTAGS='ctags'
CXX='g++ -std=c++11'
CXXCPP='g++ -std=c++11 -E'
CXXDEPMODE='depmode=gcc3'
CXXFLAGS='-Wall -Wextra -g -O2'
CYGPATH_W='echo'
DEFS='-DPACKAGE_NAME=\"RtAudio\" -DPACKAGE_TARNAME=\"rtaudio\" -DPACKAGE_VERSION=\"5.2.0\" -DPACKAGE_STRING=\"RtAudio\ 5.2.0\" -DPACKAGE_BUGREPORT=\"gary.scavone@mcgill.ca\" -DPACKAGE_URL=\"\" -DPACKAGE=\"rtaudio\" -DVERSION=\"5.2.0\" -DHAVE_CXX11=1 -DHAVE_STDIO_H=1 -DHAVE_STDLIB_H=1 -DHAVE_STRING_H=1 -DHAVE_INTTYPES_H=1 -DHAVE_STDINT_H=1 -DHAVE_STRINGS_H=1 -DHAVE_SYS_STAT_H=1 -DHAVE_SYS_TYPES_H=1 -DHAVE_UNISTD_H=1 -DSTDC_HEADERS=1 -DHAVE_DLFCN_H=1 -DLT_OBJDIR=\".libs/\" -DHAVE_SYS_IOCTL_H=1 -DHAVE_UNISTD_H=1 -DHAVE_LIBPTHREAD=1'
DEPDIR='.deps'
DLLTOOL='false'
DOXYGEN=''
DSYMUTIL=''
DUMPBIN=''
ECHO_C=''
ECHO_N='-n'
ECHO_T=''
EGREP='/bin/grep -E'
ETAGS='etags'
EXEEXT=''
FGREP='/bin/grep -F'
GREP='/bin/grep'
HAVE_CXX11='1'
INSTALL_DATA='${INSTALL} -m 644'
INSTALL_PROGRAM='${INSTALL}'
INSTALL_SCRIPT='${INSTALL}'
INSTALL_STRIP_PROGRAM='$(install_sh) -c -s'
LD='/usr/bin/ld'
LDFLAGS=''
LIBOBJS=''
LIBS='-lpthread -lpulse-simple -lasound  -lpulse'
LIBTOOL='$(SHELL) $(top_builddir)/libtool'
LIPO=''
LN_S='ln -s'
LTLIBOBJS=''
LT_SYS_LIBRARY_PATH=''
MAINT='#'
MAINTAINER_MODE_FALSE=''
MAINTAINER_MODE_TRUE='#'
MAKEINFO='${SHELL} '\''/home/pi/project/rtaudio-5.2.0/config/missing'\'' makeinfo'
MAKE_DOC_FALSE=''
MAKE_DOC_TRUE='#'
MANIFEST_TOOL=':'
MKDIR_P='/bin/mkdir -p'
NM='/usr/bin/nm -B'
NMEDIT=''
OBJDUMP='objdump'
OBJEXT='o'
OTOOL64=''
OTOOL=''
PACKAGE='rtaudio'
PACKAGE_BUGREPORT='gary.scavone@mcgill.ca'
PACKAGE_NAME='RtAudio'
PACKAGE_STRING='RtAudio 5.2.0'
PACKAGE_TARNAME='rtaudio'
PACKAGE_URL=''
PACKAGE_VERSION='5.2.0'
PATH_SEPARATOR=':'
RANLIB='ranlib'
SED='/bin/sed'
SET_MAKE=''
SHELL='/bin/bash'
SO_VERSION='6:2:0'
STRIP='strip'
VERSION='5.2.0'
ac_ct_AR='ar'
ac_ct_CC='gcc'
ac_ct_CXX='g++'
ac_ct_DUMPBIN=''
am__EXEEXT_FALSE=''
am__EXEEXT_TRUE='#'
am__fastdepCC_FALSE='#'
am__fastdepCC_TRUE=''
am__fastdepCXX_FALSE='#'
am__fastdepCXX_TRUE=''
am__include='include'
am__isrc=''
am__leading_dot='.'
am__nodep='_no'
am__quote=''
am__tar='$${TAR-tar} chof - "$$tardir"'
am__untar='$${TAR-tar} xf -'
api=' -D__LINUX_ALSA__ -D__LINUX_PULSE__'
bindir='${exec_prefix}/bin'
build='armv7l-unknown-linux-gnueabihf'
build_alias=''
build_cpu='armv7l'
build_os='linux-gnueabihf'
build_vendor='unknown'
datadir='${datarootdir}'
datarootdir='${prefix}/share'
docdir='${datarootdir}/doc/${PACKAGE_TARNAME}'
dvidir='${docdir}'
exec_prefix='${prefix}'
host='armv7l-unknown-linux-gnueabihf'
host_alias=''
host_cpu='armv7l'
host_os='linux-gnueabihf'
host_vendor='unknown'
htmldir='${docdir}'
includedir='${prefix}/include'
infodir='${datarootdir}/info'
install_sh='${SHELL} /home/pi/project/rtaudio-5.2.0/config/install-sh'
libdir='${exec_prefix}/lib'
libexecdir='${exec_prefix}/libexec'
localedir='${datarootdir}/locale'
localstatedir='${prefix}/var'
mandir='${datarootdir}/man'
mkdir_p='$(MKDIR_P)'
oldincludedir='/usr/include'
pdfdir='${docdir}'
prefix='/usr/local'
program_transform_name='s,x,x,'
psdir='${docdir}'
req=' alsa libpulse-simple'
req_libs=''
runstatedir='${localstatedir}/run'
sbindir='${exec_prefix}/sbin'
sharedstatedir='${prefix}/com'
sysconfdir='${prefix}/etc'
target_alias=''
visibility='-fvisibility=hidden'

## ----------- ##
## confdefs.h. ##
## ----------- ##

/* confdefs.h */
#define PACKAGE_NAME "RtAudio"
#define PACKAGE_TARNAME "rtaudio"
#define PACKAGE_VERSION "5.2.0"
#define PACKAGE_STRING "RtAudio 5.2.0"
#define PACKAGE_BUGREPORT "gary.scavone@mcgill.ca"
#define PACKAGE_URL ""
#define PACKAGE "rtaudio"
#define VERSION "5.2.0"
#define HAVE_CXX11 1
#define HAVE_STDIO_H 1
#define HAVE_STDLIB_H 1
#define HAVE_STRING_H 1
#define HAVE_INTTYPES_H 1
#define HAVE_STDINT_H 1
#define HAVE_STRINGS_H 1
#define HAVE_SYS_STAT_H 1
#define HAVE_SYS_TYPES_H 1
#define HAVE_UNISTD_H 1
#define STDC_HEADERS 1
#define HAVE_DLFCN_H 1
#define LT_OBJDIR ".libs/"
#define HAVE_SYS_IOCTL_H 1
#define HAVE_UNISTD_H 1
#define HAVE_LIBPTHREAD 1

configure: exit 0
