Performing C++ SOURCE FILE Test CMAKE_HAVE_LIBC_PTHREAD failed with the following output:
Change Dir: /home/pi/project/rtaudio-5.2.0/build/CMakeFiles/CMakeTmp

Run Build Command(s):/usr/bin/make cmTC_db08b/fast && /usr/bin/make -f CMakeFiles/cmTC_db08b.dir/build.make CMakeFiles/cmTC_db08b.dir/build
make[1]: Entering directory '/home/pi/project/rtaudio-5.2.0/build/CMakeFiles/CMakeTmp'
Building CXX object CMakeFiles/cmTC_db08b.dir/src.cxx.o
/usr/bin/c++    -Wall -DCMAKE_HAVE_LIBC_PTHREAD   -std=c++11 -o CMakeFiles/cmTC_db08b.dir/src.cxx.o -c /home/pi/project/rtaudio-5.2.0/build/CMakeFiles/CMakeTmp/src.cxx
Linking CXX executable cmTC_db08b
/usr/bin/cmake -E cmake_link_script CMakeFiles/cmTC_db08b.dir/link.txt --verbose=1
/usr/bin/c++   -Wall -DCMAKE_HAVE_LIBC_PTHREAD    CMakeFiles/cmTC_db08b.dir/src.cxx.o  -o cmTC_db08b 
/usr/bin/ld: CMakeFiles/cmTC_db08b.dir/src.cxx.o: in function `main':
src.cxx:(.text+0x40): undefined reference to `pthread_create'
/usr/bin/ld: src.cxx:(.text+0x4c): undefined reference to `pthread_detach'
/usr/bin/ld: src.cxx:(.text+0x5c): undefined reference to `pthread_join'
collect2: error: ld returned 1 exit status
make[1]: *** [CMakeFiles/cmTC_db08b.dir/build.make:87: cmTC_db08b] Error 1
make[1]: Leaving directory '/home/pi/project/rtaudio-5.2.0/build/CMakeFiles/CMakeTmp'
make: *** [Makefile:121: cmTC_db08b/fast] Error 2


Source file was:
#include <pthread.h>

void* test_func(void* data)
{
  return data;
}

int main(void)
{
  pthread_t thread;
  pthread_create(&thread, NULL, test_func, NULL);
  pthread_detach(thread);
  pthread_join(thread, NULL);
  pthread_atfork(NULL, NULL, NULL);
  pthread_exit(NULL);

  return 0;
}

Determining if the function pthread_create exists in the pthreads failed with the following output:
Change Dir: /home/pi/project/rtaudio-5.2.0/build/CMakeFiles/CMakeTmp

Run Build Command(s):/usr/bin/make cmTC_202c4/fast && /usr/bin/make -f CMakeFiles/cmTC_202c4.dir/build.make CMakeFiles/cmTC_202c4.dir/build
make[1]: Entering directory '/home/pi/project/rtaudio-5.2.0/build/CMakeFiles/CMakeTmp'
Building CXX object CMakeFiles/cmTC_202c4.dir/CheckFunctionExists.cxx.o
/usr/bin/c++    -Wall -DCHECK_FUNCTION_EXISTS=pthread_create   -std=c++11 -o CMakeFiles/cmTC_202c4.dir/CheckFunctionExists.cxx.o -c /home/pi/project/rtaudio-5.2.0/build/CMakeFiles/CheckLibraryExists/CheckFunctionExists.cxx
Linking CXX executable cmTC_202c4
/usr/bin/cmake -E cmake_link_script CMakeFiles/cmTC_202c4.dir/link.txt --verbose=1
/usr/bin/c++   -Wall -DCHECK_FUNCTION_EXISTS=pthread_create    CMakeFiles/cmTC_202c4.dir/CheckFunctionExists.cxx.o  -o cmTC_202c4  -lpthreads 
/usr/bin/ld: 找不到 -lpthreads
collect2: error: ld returned 1 exit status
make[1]: *** [CMakeFiles/cmTC_202c4.dir/build.make:87: cmTC_202c4] Error 1
make[1]: Leaving directory '/home/pi/project/rtaudio-5.2.0/build/CMakeFiles/CMakeTmp'
make: *** [Makefile:121: cmTC_202c4/fast] Error 2



